Terminals unused in grammar

   Unknown_CHARACTER


State 30 conflicts: 1 shift/reduce
State 31 conflicts: 1 shift/reduce
State 57 conflicts: 1 shift/reduce
State 62 conflicts: 1 shift/reduce
State 63 conflicts: 1 shift/reduce
State 64 conflicts: 1 shift/reduce
State 65 conflicts: 1 shift/reduce
State 66 conflicts: 1 shift/reduce
State 67 conflicts: 7 shift/reduce


Grammar

    0 $accept: root $end

    1 root: search_cond
    2     | scalar_exp

    3 search_cond: search_cond OR search_cond
    4            | search_cond AND search_cond
    5            | NOT search_cond
    6            | '(' search_cond ')'
    7            | predicate

    8 predicate: comp_predicate
    9          | scalar_exp IN '(' scalar_exp_list ')'
   10          | scalar_exp NOT IN '(' scalar_exp_list ')'

   11 comp_predicate: scalar_exp IS NULLVALUE
   12               | scalar_exp IS NOT NULLVALUE
   13               | scalar_exp COMPARISON scalar_exp

   14 scalar_exp_list: scalar_exp_list ',' scalar_exp
   15                | scalar_exp

   16 scalar_exp: FUNCTION1 '(' scalar_exp ')'
   17           | FUNCTION2 '(' scalar_exp ',' scalar_exp ')'
   18           | FUNCTION3 '(' scalar_exp ',' scalar_exp ',' scalar_exp ')'
   19           | scalar_exp '^' scalar_exp
   20           | scalar_exp '*' scalar_exp
   21           | scalar_exp '%' scalar_exp
   22           | scalar_exp '/' scalar_exp
   23           | scalar_exp '+' scalar_exp
   24           | scalar_exp '-' scalar_exp
   25           | '(' scalar_exp ')'
   26           | '+' scalar_exp
   27           | '-' scalar_exp
   28           | scalar_exp CONCAT scalar_exp
   29           | ROWNUM
   30           | AREA
   31           | PERIMETER
   32           | LENGTH
   33           | X
   34           | Y
   35           | ID
   36           | NUMBER
   37           | STRING
   38           | NULLVALUE
   39           | COLUMN_REF


Terminals, with rules where they appear

$end (0) 0
'%' (37) 21
'(' (40) 6 9 10 16 17 18 25
')' (41) 6 9 10 16 17 18 25
'*' (42) 20
'+' (43) 23 26
',' (44) 14 17 18
'-' (45) 24 27
'/' (47) 22
'^' (94) 19
error (256)
NUMBER (258) 36
COMPARISON (259) 13
FUNCTION1 (260) 16
FUNCTION2 (261) 17
FUNCTION3 (262) 18
CONCAT (263) 28
IS (264) 11 12
IN (265) 9 10
ROWNUM (266) 29
AREA (267) 30
PERIMETER (268) 31
LENGTH (269) 32
X (270) 33
Y (271) 34
ID (272) 35
NULLVALUE (273) 11 12 38
STRING (274) 37
COLUMN_REF (275) 39
Unknown_CHARACTER (276)
NOT (277) 5 10 12
AND (278) 4
OR (279) 3
UMINUS (280)


Nonterminals, with rules where they appear

$accept (35)
    on left: 0
root (36)
    on left: 1 2, on right: 0
search_cond (37)
    on left: 3 4 5 6 7, on right: 1 3 4 5 6
predicate (38)
    on left: 8 9 10, on right: 7
comp_predicate (39)
    on left: 11 12 13, on right: 8
scalar_exp_list (40)
    on left: 14 15, on right: 9 10 14
scalar_exp (41)
    on left: 16 17 18 19 20 21 22 23 24 25 26 27 28 29 30 31 32 33
    34 35 36 37 38 39, on right: 2 9 10 11 12 13 14 15 16 17 18 19
    20 21 22 23 24 25 26 27 28


state 0

    0 $accept: . root $end

    NUMBER      shift, and go to state 1
    FUNCTION1   shift, and go to state 2
    FUNCTION2   shift, and go to state 3
    FUNCTION3   shift, and go to state 4
    ROWNUM      shift, and go to state 5
    AREA        shift, and go to state 6
    PERIMETER   shift, and go to state 7
    LENGTH      shift, and go to state 8
    X           shift, and go to state 9
    Y           shift, and go to state 10
    ID          shift, and go to state 11
    NULLVALUE   shift, and go to state 12
    STRING      shift, and go to state 13
    COLUMN_REF  shift, and go to state 14
    NOT         shift, and go to state 15
    '+'         shift, and go to state 16
    '-'         shift, and go to state 17
    '('         shift, and go to state 18

    root            go to state 19
    search_cond     go to state 20
    predicate       go to state 21
    comp_predicate  go to state 22
    scalar_exp      go to state 23


state 1

   36 scalar_exp: NUMBER .

    $default  reduce using rule 36 (scalar_exp)


state 2

   16 scalar_exp: FUNCTION1 . '(' scalar_exp ')'

    '('  shift, and go to state 24


state 3

   17 scalar_exp: FUNCTION2 . '(' scalar_exp ',' scalar_exp ')'

    '('  shift, and go to state 25


state 4

   18 scalar_exp: FUNCTION3 . '(' scalar_exp ',' scalar_exp ',' scalar_exp ')'

    '('  shift, and go to state 26


state 5

   29 scalar_exp: ROWNUM .

    $default  reduce using rule 29 (scalar_exp)


state 6

   30 scalar_exp: AREA .

    $default  reduce using rule 30 (scalar_exp)


state 7

   31 scalar_exp: PERIMETER .

    $default  reduce using rule 31 (scalar_exp)


state 8

   32 scalar_exp: LENGTH .

    $default  reduce using rule 32 (scalar_exp)


state 9

   33 scalar_exp: X .

    $default  reduce using rule 33 (scalar_exp)


state 10

   34 scalar_exp: Y .

    $default  reduce using rule 34 (scalar_exp)


state 11

   35 scalar_exp: ID .

    $default  reduce using rule 35 (scalar_exp)


state 12

   38 scalar_exp: NULLVALUE .

    $default  reduce using rule 38 (scalar_exp)


state 13

   37 scalar_exp: STRING .

    $default  reduce using rule 37 (scalar_exp)


state 14

   39 scalar_exp: COLUMN_REF .

    $default  reduce using rule 39 (scalar_exp)


state 15

    5 search_cond: NOT . search_cond

    NUMBER      shift, and go to state 1
    FUNCTION1   shift, and go to state 2
    FUNCTION2   shift, and go to state 3
    FUNCTION3   shift, and go to state 4
    ROWNUM      shift, and go to state 5
    AREA        shift, and go to state 6
    PERIMETER   shift, and go to state 7
    LENGTH      shift, and go to state 8
    X           shift, and go to state 9
    Y           shift, and go to state 10
    ID          shift, and go to state 11
    NULLVALUE   shift, and go to state 12
    STRING      shift, and go to state 13
    COLUMN_REF  shift, and go to state 14
    NOT         shift, and go to state 15
    '+'         shift, and go to state 16
    '-'         shift, and go to state 17
    '('         shift, and go to state 18

    search_cond     go to state 27
    predicate       go to state 21
    comp_predicate  go to state 22
    scalar_exp      go to state 28


state 16

   26 scalar_exp: '+' . scalar_exp

    NUMBER      shift, and go to state 1
    FUNCTION1   shift, and go to state 2
    FUNCTION2   shift, and go to state 3
    FUNCTION3   shift, and go to state 4
    ROWNUM      shift, and go to state 5
    AREA        shift, and go to state 6
    PERIMETER   shift, and go to state 7
    LENGTH      shift, and go to state 8
    X           shift, and go to state 9
    Y           shift, and go to state 10
    ID          shift, and go to state 11
    NULLVALUE   shift, and go to state 12
    STRING      shift, and go to state 13
    COLUMN_REF  shift, and go to state 14
    '+'         shift, and go to state 16
    '-'         shift, and go to state 17
    '('         shift, and go to state 29

    scalar_exp  go to state 30


state 17

   27 scalar_exp: '-' . scalar_exp

    NUMBER      shift, and go to state 1
    FUNCTION1   shift, and go to state 2
    FUNCTION2   shift, and go to state 3
    FUNCTION3   shift, and go to state 4
    ROWNUM      shift, and go to state 5
    AREA        shift, and go to state 6
    PERIMETER   shift, and go to state 7
    LENGTH      shift, and go to state 8
    X           shift, and go to state 9
    Y           shift, and go to state 10
    ID          shift, and go to state 11
    NULLVALUE   shift, and go to state 12
    STRING      shift, and go to state 13
    COLUMN_REF  shift, and go to state 14
    '+'         shift, and go to state 16
    '-'         shift, and go to state 17
    '('         shift, and go to state 29

    scalar_exp  go to state 31


state 18

    6 search_cond: '(' . search_cond ')'
   25 scalar_exp: '(' . scalar_exp ')'

    NUMBER      shift, and go to state 1
    FUNCTION1   shift, and go to state 2
    FUNCTION2   shift, and go to state 3
    FUNCTION3   shift, and go to state 4
    ROWNUM      shift, and go to state 5
    AREA        shift, and go to state 6
    PERIMETER   shift, and go to state 7
    LENGTH      shift, and go to state 8
    X           shift, and go to state 9
    Y           shift, and go to state 10
    ID          shift, and go to state 11
    NULLVALUE   shift, and go to state 12
    STRING      shift, and go to state 13
    COLUMN_REF  shift, and go to state 14
    NOT         shift, and go to state 15
    '+'         shift, and go to state 16
    '-'         shift, and go to state 17
    '('         shift, and go to state 18

    search_cond     go to state 32
    predicate       go to state 21
    comp_predicate  go to state 22
    scalar_exp      go to state 33


state 19

    0 $accept: root . $end

    $end  shift, and go to state 34


state 20

    1 root: search_cond .
    3 search_cond: search_cond . OR search_cond
    4            | search_cond . AND search_cond

    AND  shift, and go to state 35
    OR   shift, and go to state 36

    $default  reduce using rule 1 (root)


state 21

    7 search_cond: predicate .

    $default  reduce using rule 7 (search_cond)


state 22

    8 predicate: comp_predicate .

    $default  reduce using rule 8 (predicate)


state 23

    2 root: scalar_exp .
    9 predicate: scalar_exp . IN '(' scalar_exp_list ')'
   10          | scalar_exp . NOT IN '(' scalar_exp_list ')'
   11 comp_predicate: scalar_exp . IS NULLVALUE
   12               | scalar_exp . IS NOT NULLVALUE
   13               | scalar_exp . COMPARISON scalar_exp
   19 scalar_exp: scalar_exp . '^' scalar_exp
   20           | scalar_exp . '*' scalar_exp
   21           | scalar_exp . '%' scalar_exp
   22           | scalar_exp . '/' scalar_exp
   23           | scalar_exp . '+' scalar_exp
   24           | scalar_exp . '-' scalar_exp
   28           | scalar_exp . CONCAT scalar_exp

    COMPARISON  shift, and go to state 37
    CONCAT      shift, and go to state 38
    IS          shift, and go to state 39
    IN          shift, and go to state 40
    NOT         shift, and go to state 41
    '+'         shift, and go to state 42
    '-'         shift, and go to state 43
    '*'         shift, and go to state 44
    '/'         shift, and go to state 45
    '^'         shift, and go to state 46
    '%'         shift, and go to state 47

    $default  reduce using rule 2 (root)


state 24

   16 scalar_exp: FUNCTION1 '(' . scalar_exp ')'

    NUMBER      shift, and go to state 1
    FUNCTION1   shift, and go to state 2
    FUNCTION2   shift, and go to state 3
    FUNCTION3   shift, and go to state 4
    ROWNUM      shift, and go to state 5
    AREA        shift, and go to state 6
    PERIMETER   shift, and go to state 7
    LENGTH      shift, and go to state 8
    X           shift, and go to state 9
    Y           shift, and go to state 10
    ID          shift, and go to state 11
    NULLVALUE   shift, and go to state 12
    STRING      shift, and go to state 13
    COLUMN_REF  shift, and go to state 14
    '+'         shift, and go to state 16
    '-'         shift, and go to state 17
    '('         shift, and go to state 29

    scalar_exp  go to state 48


state 25

   17 scalar_exp: FUNCTION2 '(' . scalar_exp ',' scalar_exp ')'

    NUMBER      shift, and go to state 1
    FUNCTION1   shift, and go to state 2
    FUNCTION2   shift, and go to state 3
    FUNCTION3   shift, and go to state 4
    ROWNUM      shift, and go to state 5
    AREA        shift, and go to state 6
    PERIMETER   shift, and go to state 7
    LENGTH      shift, and go to state 8
    X           shift, and go to state 9
    Y           shift, and go to state 10
    ID          shift, and go to state 11
    NULLVALUE   shift, and go to state 12
    STRING      shift, and go to state 13
    COLUMN_REF  shift, and go to state 14
    '+'         shift, and go to state 16
    '-'         shift, and go to state 17
    '('         shift, and go to state 29

    scalar_exp  go to state 49


state 26

   18 scalar_exp: FUNCTION3 '(' . scalar_exp ',' scalar_exp ',' scalar_exp ')'

    NUMBER      shift, and go to state 1
    FUNCTION1   shift, and go to state 2
    FUNCTION2   shift, and go to state 3
    FUNCTION3   shift, and go to state 4
    ROWNUM      shift, and go to state 5
    AREA        shift, and go to state 6
    PERIMETER   shift, and go to state 7
    LENGTH      shift, and go to state 8
    X           shift, and go to state 9
    Y           shift, and go to state 10
    ID          shift, and go to state 11
    NULLVALUE   shift, and go to state 12
    STRING      shift, and go to state 13
    COLUMN_REF  shift, and go to state 14
    '+'         shift, and go to state 16
    '-'         shift, and go to state 17
    '('         shift, and go to state 29

    scalar_exp  go to state 50


state 27

    3 search_cond: search_cond . OR search_cond
    4            | search_cond . AND search_cond
    5            | NOT search_cond .

    $default  reduce using rule 5 (search_cond)


state 28

    9 predicate: scalar_exp . IN '(' scalar_exp_list ')'
   10          | scalar_exp . NOT IN '(' scalar_exp_list ')'
   11 comp_predicate: scalar_exp . IS NULLVALUE
   12               | scalar_exp . IS NOT NULLVALUE
   13               | scalar_exp . COMPARISON scalar_exp
   19 scalar_exp: scalar_exp . '^' scalar_exp
   20           | scalar_exp . '*' scalar_exp
   21           | scalar_exp . '%' scalar_exp
   22           | scalar_exp . '/' scalar_exp
   23           | scalar_exp . '+' scalar_exp
   24           | scalar_exp . '-' scalar_exp
   28           | scalar_exp . CONCAT scalar_exp

    COMPARISON  shift, and go to state 37
    CONCAT      shift, and go to state 38
    IS          shift, and go to state 39
    IN          shift, and go to state 40
    NOT         shift, and go to state 41
    '+'         shift, and go to state 42
    '-'         shift, and go to state 43
    '*'         shift, and go to state 44
    '/'         shift, and go to state 45
    '^'         shift, and go to state 46
    '%'         shift, and go to state 47


state 29

   25 scalar_exp: '(' . scalar_exp ')'

    NUMBER      shift, and go to state 1
    FUNCTION1   shift, and go to state 2
    FUNCTION2   shift, and go to state 3
    FUNCTION3   shift, and go to state 4
    ROWNUM      shift, and go to state 5
    AREA        shift, and go to state 6
    PERIMETER   shift, and go to state 7
    LENGTH      shift, and go to state 8
    X           shift, and go to state 9
    Y           shift, and go to state 10
    ID          shift, and go to state 11
    NULLVALUE   shift, and go to state 12
    STRING      shift, and go to state 13
    COLUMN_REF  shift, and go to state 14
    '+'         shift, and go to state 16
    '-'         shift, and go to state 17
    '('         shift, and go to state 29

    scalar_exp  go to state 51


state 30

   19 scalar_exp: scalar_exp . '^' scalar_exp
   20           | scalar_exp . '*' scalar_exp
   21           | scalar_exp . '%' scalar_exp
   22           | scalar_exp . '/' scalar_exp
   23           | scalar_exp . '+' scalar_exp
   24           | scalar_exp . '-' scalar_exp
   26           | '+' scalar_exp .
   28           | scalar_exp . CONCAT scalar_exp

    '%'  shift, and go to state 47

    '%'       [reduce using rule 26 (scalar_exp)]
    $default  reduce using rule 26 (scalar_exp)


state 31

   19 scalar_exp: scalar_exp . '^' scalar_exp
   20           | scalar_exp . '*' scalar_exp
   21           | scalar_exp . '%' scalar_exp
   22           | scalar_exp . '/' scalar_exp
   23           | scalar_exp . '+' scalar_exp
   24           | scalar_exp . '-' scalar_exp
   27           | '-' scalar_exp .
   28           | scalar_exp . CONCAT scalar_exp

    '%'  shift, and go to state 47

    '%'       [reduce using rule 27 (scalar_exp)]
    $default  reduce using rule 27 (scalar_exp)


state 32

    3 search_cond: search_cond . OR search_cond
    4            | search_cond . AND search_cond
    6            | '(' search_cond . ')'

    AND  shift, and go to state 35
    OR   shift, and go to state 36
    ')'  shift, and go to state 52


state 33

    9 predicate: scalar_exp . IN '(' scalar_exp_list ')'
   10          | scalar_exp . NOT IN '(' scalar_exp_list ')'
   11 comp_predicate: scalar_exp . IS NULLVALUE
   12               | scalar_exp . IS NOT NULLVALUE
   13               | scalar_exp . COMPARISON scalar_exp
   19 scalar_exp: scalar_exp . '^' scalar_exp
   20           | scalar_exp . '*' scalar_exp
   21           | scalar_exp . '%' scalar_exp
   22           | scalar_exp . '/' scalar_exp
   23           | scalar_exp . '+' scalar_exp
   24           | scalar_exp . '-' scalar_exp
   25           | '(' scalar_exp . ')'
   28           | scalar_exp . CONCAT scalar_exp

    COMPARISON  shift, and go to state 37
    CONCAT      shift, and go to state 38
    IS          shift, and go to state 39
    IN          shift, and go to state 40
    NOT         shift, and go to state 41
    '+'         shift, and go to state 42
    '-'         shift, and go to state 43
    '*'         shift, and go to state 44
    '/'         shift, and go to state 45
    '^'         shift, and go to state 46
    ')'         shift, and go to state 53
    '%'         shift, and go to state 47


state 34

    0 $accept: root $end .

    $default  accept


state 35

    4 search_cond: search_cond AND . search_cond

    NUMBER      shift, and go to state 1
    FUNCTION1   shift, and go to state 2
    FUNCTION2   shift, and go to state 3
    FUNCTION3   shift, and go to state 4
    ROWNUM      shift, and go to state 5
    AREA        shift, and go to state 6
    PERIMETER   shift, and go to state 7
    LENGTH      shift, and go to state 8
    X           shift, and go to state 9
    Y           shift, and go to state 10
    ID          shift, and go to state 11
    NULLVALUE   shift, and go to state 12
    STRING      shift, and go to state 13
    COLUMN_REF  shift, and go to state 14
    NOT         shift, and go to state 15
    '+'         shift, and go to state 16
    '-'         shift, and go to state 17
    '('         shift, and go to state 18

    search_cond     go to state 54
    predicate       go to state 21
    comp_predicate  go to state 22
    scalar_exp      go to state 28


state 36

    3 search_cond: search_cond OR . search_cond

    NUMBER      shift, and go to state 1
    FUNCTION1   shift, and go to state 2
    FUNCTION2   shift, and go to state 3
    FUNCTION3   shift, and go to state 4
    ROWNUM      shift, and go to state 5
    AREA        shift, and go to state 6
    PERIMETER   shift, and go to state 7
    LENGTH      shift, and go to state 8
    X           shift, and go to state 9
    Y           shift, and go to state 10
    ID          shift, and go to state 11
    NULLVALUE   shift, and go to state 12
    STRING      shift, and go to state 13
    COLUMN_REF  shift, and go to state 14
    NOT         shift, and go to state 15
    '+'         shift, and go to state 16
    '-'         shift, and go to state 17
    '('         shift, and go to state 18

    search_cond     go to state 55
    predicate       go to state 21
    comp_predicate  go to state 22
    scalar_exp      go to state 28


state 37

   13 comp_predicate: scalar_exp COMPARISON . scalar_exp

    NUMBER      shift, and go to state 1
    FUNCTION1   shift, and go to state 2
    FUNCTION2   shift, and go to state 3
    FUNCTION3   shift, and go to state 4
    ROWNUM      shift, and go to state 5
    AREA        shift, and go to state 6
    PERIMETER   shift, and go to state 7
    LENGTH      shift, and go to state 8
    X           shift, and go to state 9
    Y           shift, and go to state 10
    ID          shift, and go to state 11
    NULLVALUE   shift, and go to state 12
    STRING      shift, and go to state 13
    COLUMN_REF  shift, and go to state 14
    '+'         shift, and go to state 16
    '-'         shift, and go to state 17
    '('         shift, and go to state 29

    scalar_exp  go to state 56


state 38

   28 scalar_exp: scalar_exp CONCAT . scalar_exp

    NUMBER      shift, and go to state 1
    FUNCTION1   shift, and go to state 2
    FUNCTION2   shift, and go to state 3
    FUNCTION3   shift, and go to state 4
    ROWNUM      shift, and go to state 5
    AREA        shift, and go to state 6
    PERIMETER   shift, and go to state 7
    LENGTH      shift, and go to state 8
    X           shift, and go to state 9
    Y           shift, and go to state 10
    ID          shift, and go to state 11
    NULLVALUE   shift, and go to state 12
    STRING      shift, and go to state 13
    COLUMN_REF  shift, and go to state 14
    '+'         shift, and go to state 16
    '-'         shift, and go to state 17
    '('         shift, and go to state 29

    scalar_exp  go to state 57


state 39

   11 comp_predicate: scalar_exp IS . NULLVALUE
   12               | scalar_exp IS . NOT NULLVALUE

    NULLVALUE  shift, and go to state 58
    NOT        shift, and go to state 59


state 40

    9 predicate: scalar_exp IN . '(' scalar_exp_list ')'

    '('  shift, and go to state 60


state 41

   10 predicate: scalar_exp NOT . IN '(' scalar_exp_list ')'

    IN  shift, and go to state 61


state 42

   23 scalar_exp: scalar_exp '+' . scalar_exp

    NUMBER      shift, and go to state 1
    FUNCTION1   shift, and go to state 2
    FUNCTION2   shift, and go to state 3
    FUNCTION3   shift, and go to state 4
    ROWNUM      shift, and go to state 5
    AREA        shift, and go to state 6
    PERIMETER   shift, and go to state 7
    LENGTH      shift, and go to state 8
    X           shift, and go to state 9
    Y           shift, and go to state 10
    ID          shift, and go to state 11
    NULLVALUE   shift, and go to state 12
    STRING      shift, and go to state 13
    COLUMN_REF  shift, and go to state 14
    '+'         shift, and go to state 16
    '-'         shift, and go to state 17
    '('         shift, and go to state 29

    scalar_exp  go to state 62


state 43

   24 scalar_exp: scalar_exp '-' . scalar_exp

    NUMBER      shift, and go to state 1
    FUNCTION1   shift, and go to state 2
    FUNCTION2   shift, and go to state 3
    FUNCTION3   shift, and go to state 4
    ROWNUM      shift, and go to state 5
    AREA        shift, and go to state 6
    PERIMETER   shift, and go to state 7
    LENGTH      shift, and go to state 8
    X           shift, and go to state 9
    Y           shift, and go to state 10
    ID          shift, and go to state 11
    NULLVALUE   shift, and go to state 12
    STRING      shift, and go to state 13
    COLUMN_REF  shift, and go to state 14
    '+'         shift, and go to state 16
    '-'         shift, and go to state 17
    '('         shift, and go to state 29

    scalar_exp  go to state 63


state 44

   20 scalar_exp: scalar_exp '*' . scalar_exp

    NUMBER      shift, and go to state 1
    FUNCTION1   shift, and go to state 2
    FUNCTION2   shift, and go to state 3
    FUNCTION3   shift, and go to state 4
    ROWNUM      shift, and go to state 5
    AREA        shift, and go to state 6
    PERIMETER   shift, and go to state 7
    LENGTH      shift, and go to state 8
    X           shift, and go to state 9
    Y           shift, and go to state 10
    ID          shift, and go to state 11
    NULLVALUE   shift, and go to state 12
    STRING      shift, and go to state 13
    COLUMN_REF  shift, and go to state 14
    '+'         shift, and go to state 16
    '-'         shift, and go to state 17
    '('         shift, and go to state 29

    scalar_exp  go to state 64


state 45

   22 scalar_exp: scalar_exp '/' . scalar_exp

    NUMBER      shift, and go to state 1
    FUNCTION1   shift, and go to state 2
    FUNCTION2   shift, and go to state 3
    FUNCTION3   shift, and go to state 4
    ROWNUM      shift, and go to state 5
    AREA        shift, and go to state 6
    PERIMETER   shift, and go to state 7
    LENGTH      shift, and go to state 8
    X           shift, and go to state 9
    Y           shift, and go to state 10
    ID          shift, and go to state 11
    NULLVALUE   shift, and go to state 12
    STRING      shift, and go to state 13
    COLUMN_REF  shift, and go to state 14
    '+'         shift, and go to state 16
    '-'         shift, and go to state 17
    '('         shift, and go to state 29

    scalar_exp  go to state 65


state 46

   19 scalar_exp: scalar_exp '^' . scalar_exp

    NUMBER      shift, and go to state 1
    FUNCTION1   shift, and go to state 2
    FUNCTION2   shift, and go to state 3
    FUNCTION3   shift, and go to state 4
    ROWNUM      shift, and go to state 5
    AREA        shift, and go to state 6
    PERIMETER   shift, and go to state 7
    LENGTH      shift, and go to state 8
    X           shift, and go to state 9
    Y           shift, and go to state 10
    ID          shift, and go to state 11
    NULLVALUE   shift, and go to state 12
    STRING      shift, and go to state 13
    COLUMN_REF  shift, and go to state 14
    '+'         shift, and go to state 16
    '-'         shift, and go to state 17
    '('         shift, and go to state 29

    scalar_exp  go to state 66


state 47

   21 scalar_exp: scalar_exp '%' . scalar_exp

    NUMBER      shift, and go to state 1
    FUNCTION1   shift, and go to state 2
    FUNCTION2   shift, and go to state 3
    FUNCTION3   shift, and go to state 4
    ROWNUM      shift, and go to state 5
    AREA        shift, and go to state 6
    PERIMETER   shift, and go to state 7
    LENGTH      shift, and go to state 8
    X           shift, and go to state 9
    Y           shift, and go to state 10
    ID          shift, and go to state 11
    NULLVALUE   shift, and go to state 12
    STRING      shift, and go to state 13
    COLUMN_REF  shift, and go to state 14
    '+'         shift, and go to state 16
    '-'         shift, and go to state 17
    '('         shift, and go to state 29

    scalar_exp  go to state 67


state 48

   16 scalar_exp: FUNCTION1 '(' scalar_exp . ')'
   19           | scalar_exp . '^' scalar_exp
   20           | scalar_exp . '*' scalar_exp
   21           | scalar_exp . '%' scalar_exp
   22           | scalar_exp . '/' scalar_exp
   23           | scalar_exp . '+' scalar_exp
   24           | scalar_exp . '-' scalar_exp
   28           | scalar_exp . CONCAT scalar_exp

    CONCAT  shift, and go to state 38
    '+'     shift, and go to state 42
    '-'     shift, and go to state 43
    '*'     shift, and go to state 44
    '/'     shift, and go to state 45
    '^'     shift, and go to state 46
    ')'     shift, and go to state 68
    '%'     shift, and go to state 47


state 49

   17 scalar_exp: FUNCTION2 '(' scalar_exp . ',' scalar_exp ')'
   19           | scalar_exp . '^' scalar_exp
   20           | scalar_exp . '*' scalar_exp
   21           | scalar_exp . '%' scalar_exp
   22           | scalar_exp . '/' scalar_exp
   23           | scalar_exp . '+' scalar_exp
   24           | scalar_exp . '-' scalar_exp
   28           | scalar_exp . CONCAT scalar_exp

    CONCAT  shift, and go to state 38
    '+'     shift, and go to state 42
    '-'     shift, and go to state 43
    '*'     shift, and go to state 44
    '/'     shift, and go to state 45
    '^'     shift, and go to state 46
    ','     shift, and go to state 69
    '%'     shift, and go to state 47


state 50

   18 scalar_exp: FUNCTION3 '(' scalar_exp . ',' scalar_exp ',' scalar_exp ')'
   19           | scalar_exp . '^' scalar_exp
   20           | scalar_exp . '*' scalar_exp
   21           | scalar_exp . '%' scalar_exp
   22           | scalar_exp . '/' scalar_exp
   23           | scalar_exp . '+' scalar_exp
   24           | scalar_exp . '-' scalar_exp
   28           | scalar_exp . CONCAT scalar_exp

    CONCAT  shift, and go to state 38
    '+'     shift, and go to state 42
    '-'     shift, and go to state 43
    '*'     shift, and go to state 44
    '/'     shift, and go to state 45
    '^'     shift, and go to state 46
    ','     shift, and go to state 70
    '%'     shift, and go to state 47


state 51

   19 scalar_exp: scalar_exp . '^' scalar_exp
   20           | scalar_exp . '*' scalar_exp
   21           | scalar_exp . '%' scalar_exp
   22           | scalar_exp . '/' scalar_exp
   23           | scalar_exp . '+' scalar_exp
   24           | scalar_exp . '-' scalar_exp
   25           | '(' scalar_exp . ')'
   28           | scalar_exp . CONCAT scalar_exp

    CONCAT  shift, and go to state 38
    '+'     shift, and go to state 42
    '-'     shift, and go to state 43
    '*'     shift, and go to state 44
    '/'     shift, and go to state 45
    '^'     shift, and go to state 46
    ')'     shift, and go to state 53
    '%'     shift, and go to state 47


state 52

    6 search_cond: '(' search_cond ')' .

    $default  reduce using rule 6 (search_cond)


state 53

   25 scalar_exp: '(' scalar_exp ')' .

    $default  reduce using rule 25 (scalar_exp)


state 54

    3 search_cond: search_cond . OR search_cond
    4            | search_cond . AND search_cond
    4            | search_cond AND search_cond .

    $default  reduce using rule 4 (search_cond)


state 55

    3 search_cond: search_cond . OR search_cond
    3            | search_cond OR search_cond .
    4            | search_cond . AND search_cond

    AND  shift, and go to state 35

    $default  reduce using rule 3 (search_cond)


state 56

   13 comp_predicate: scalar_exp COMPARISON scalar_exp .
   19 scalar_exp: scalar_exp . '^' scalar_exp
   20           | scalar_exp . '*' scalar_exp
   21           | scalar_exp . '%' scalar_exp
   22           | scalar_exp . '/' scalar_exp
   23           | scalar_exp . '+' scalar_exp
   24           | scalar_exp . '-' scalar_exp
   28           | scalar_exp . CONCAT scalar_exp

    CONCAT  shift, and go to state 38
    '+'     shift, and go to state 42
    '-'     shift, and go to state 43
    '*'     shift, and go to state 44
    '/'     shift, and go to state 45
    '^'     shift, and go to state 46
    '%'     shift, and go to state 47

    $default  reduce using rule 13 (comp_predicate)


state 57

   19 scalar_exp: scalar_exp . '^' scalar_exp
   20           | scalar_exp . '*' scalar_exp
   21           | scalar_exp . '%' scalar_exp
   22           | scalar_exp . '/' scalar_exp
   23           | scalar_exp . '+' scalar_exp
   24           | scalar_exp . '-' scalar_exp
   28           | scalar_exp . CONCAT scalar_exp
   28           | scalar_exp CONCAT scalar_exp .

    '+'  shift, and go to state 42
    '-'  shift, and go to state 43
    '*'  shift, and go to state 44
    '/'  shift, and go to state 45
    '^'  shift, and go to state 46
    '%'  shift, and go to state 47

    '%'       [reduce using rule 28 (scalar_exp)]
    $default  reduce using rule 28 (scalar_exp)


state 58

   11 comp_predicate: scalar_exp IS NULLVALUE .

    $default  reduce using rule 11 (comp_predicate)


state 59

   12 comp_predicate: scalar_exp IS NOT . NULLVALUE

    NULLVALUE  shift, and go to state 71


state 60

    9 predicate: scalar_exp IN '(' . scalar_exp_list ')'

    NUMBER      shift, and go to state 1
    FUNCTION1   shift, and go to state 2
    FUNCTION2   shift, and go to state 3
    FUNCTION3   shift, and go to state 4
    ROWNUM      shift, and go to state 5
    AREA        shift, and go to state 6
    PERIMETER   shift, and go to state 7
    LENGTH      shift, and go to state 8
    X           shift, and go to state 9
    Y           shift, and go to state 10
    ID          shift, and go to state 11
    NULLVALUE   shift, and go to state 12
    STRING      shift, and go to state 13
    COLUMN_REF  shift, and go to state 14
    '+'         shift, and go to state 16
    '-'         shift, and go to state 17
    '('         shift, and go to state 29

    scalar_exp_list  go to state 72
    scalar_exp       go to state 73


state 61

   10 predicate: scalar_exp NOT IN . '(' scalar_exp_list ')'

    '('  shift, and go to state 74


state 62

   19 scalar_exp: scalar_exp . '^' scalar_exp
   20           | scalar_exp . '*' scalar_exp
   21           | scalar_exp . '%' scalar_exp
   22           | scalar_exp . '/' scalar_exp
   23           | scalar_exp . '+' scalar_exp
   23           | scalar_exp '+' scalar_exp .
   24           | scalar_exp . '-' scalar_exp
   28           | scalar_exp . CONCAT scalar_exp

    '*'  shift, and go to state 44
    '/'  shift, and go to state 45
    '^'  shift, and go to state 46
    '%'  shift, and go to state 47

    '%'       [reduce using rule 23 (scalar_exp)]
    $default  reduce using rule 23 (scalar_exp)


state 63

   19 scalar_exp: scalar_exp . '^' scalar_exp
   20           | scalar_exp . '*' scalar_exp
   21           | scalar_exp . '%' scalar_exp
   22           | scalar_exp . '/' scalar_exp
   23           | scalar_exp . '+' scalar_exp
   24           | scalar_exp . '-' scalar_exp
   24           | scalar_exp '-' scalar_exp .
   28           | scalar_exp . CONCAT scalar_exp

    '*'  shift, and go to state 44
    '/'  shift, and go to state 45
    '^'  shift, and go to state 46
    '%'  shift, and go to state 47

    '%'       [reduce using rule 24 (scalar_exp)]
    $default  reduce using rule 24 (scalar_exp)


state 64

   19 scalar_exp: scalar_exp . '^' scalar_exp
   20           | scalar_exp . '*' scalar_exp
   20           | scalar_exp '*' scalar_exp .
   21           | scalar_exp . '%' scalar_exp
   22           | scalar_exp . '/' scalar_exp
   23           | scalar_exp . '+' scalar_exp
   24           | scalar_exp . '-' scalar_exp
   28           | scalar_exp . CONCAT scalar_exp

    '^'  shift, and go to state 46
    '%'  shift, and go to state 47

    '%'       [reduce using rule 20 (scalar_exp)]
    $default  reduce using rule 20 (scalar_exp)


state 65

   19 scalar_exp: scalar_exp . '^' scalar_exp
   20           | scalar_exp . '*' scalar_exp
   21           | scalar_exp . '%' scalar_exp
   22           | scalar_exp . '/' scalar_exp
   22           | scalar_exp '/' scalar_exp .
   23           | scalar_exp . '+' scalar_exp
   24           | scalar_exp . '-' scalar_exp
   28           | scalar_exp . CONCAT scalar_exp

    '^'  shift, and go to state 46
    '%'  shift, and go to state 47

    '%'       [reduce using rule 22 (scalar_exp)]
    $default  reduce using rule 22 (scalar_exp)


state 66

   19 scalar_exp: scalar_exp . '^' scalar_exp
   19           | scalar_exp '^' scalar_exp .
   20           | scalar_exp . '*' scalar_exp
   21           | scalar_exp . '%' scalar_exp
   22           | scalar_exp . '/' scalar_exp
   23           | scalar_exp . '+' scalar_exp
   24           | scalar_exp . '-' scalar_exp
   28           | scalar_exp . CONCAT scalar_exp

    '%'  shift, and go to state 47

    '%'       [reduce using rule 19 (scalar_exp)]
    $default  reduce using rule 19 (scalar_exp)


state 67

   19 scalar_exp: scalar_exp . '^' scalar_exp
   20           | scalar_exp . '*' scalar_exp
   21           | scalar_exp . '%' scalar_exp
   21           | scalar_exp '%' scalar_exp .
   22           | scalar_exp . '/' scalar_exp
   23           | scalar_exp . '+' scalar_exp
   24           | scalar_exp . '-' scalar_exp
   28           | scalar_exp . CONCAT scalar_exp

    CONCAT  shift, and go to state 38
    '+'     shift, and go to state 42
    '-'     shift, and go to state 43
    '*'     shift, and go to state 44
    '/'     shift, and go to state 45
    '^'     shift, and go to state 46
    '%'     shift, and go to state 47

    CONCAT    [reduce using rule 21 (scalar_exp)]
    '+'       [reduce using rule 21 (scalar_exp)]
    '-'       [reduce using rule 21 (scalar_exp)]
    '*'       [reduce using rule 21 (scalar_exp)]
    '/'       [reduce using rule 21 (scalar_exp)]
    '^'       [reduce using rule 21 (scalar_exp)]
    '%'       [reduce using rule 21 (scalar_exp)]
    $default  reduce using rule 21 (scalar_exp)


state 68

   16 scalar_exp: FUNCTION1 '(' scalar_exp ')' .

    $default  reduce using rule 16 (scalar_exp)


state 69

   17 scalar_exp: FUNCTION2 '(' scalar_exp ',' . scalar_exp ')'

    NUMBER      shift, and go to state 1
    FUNCTION1   shift, and go to state 2
    FUNCTION2   shift, and go to state 3
    FUNCTION3   shift, and go to state 4
    ROWNUM      shift, and go to state 5
    AREA        shift, and go to state 6
    PERIMETER   shift, and go to state 7
    LENGTH      shift, and go to state 8
    X           shift, and go to state 9
    Y           shift, and go to state 10
    ID          shift, and go to state 11
    NULLVALUE   shift, and go to state 12
    STRING      shift, and go to state 13
    COLUMN_REF  shift, and go to state 14
    '+'         shift, and go to state 16
    '-'         shift, and go to state 17
    '('         shift, and go to state 29

    scalar_exp  go to state 75


state 70

   18 scalar_exp: FUNCTION3 '(' scalar_exp ',' . scalar_exp ',' scalar_exp ')'

    NUMBER      shift, and go to state 1
    FUNCTION1   shift, and go to state 2
    FUNCTION2   shift, and go to state 3
    FUNCTION3   shift, and go to state 4
    ROWNUM      shift, and go to state 5
    AREA        shift, and go to state 6
    PERIMETER   shift, and go to state 7
    LENGTH      shift, and go to state 8
    X           shift, and go to state 9
    Y           shift, and go to state 10
    ID          shift, and go to state 11
    NULLVALUE   shift, and go to state 12
    STRING      shift, and go to state 13
    COLUMN_REF  shift, and go to state 14
    '+'         shift, and go to state 16
    '-'         shift, and go to state 17
    '('         shift, and go to state 29

    scalar_exp  go to state 76


state 71

   12 comp_predicate: scalar_exp IS NOT NULLVALUE .

    $default  reduce using rule 12 (comp_predicate)


state 72

    9 predicate: scalar_exp IN '(' scalar_exp_list . ')'
   14 scalar_exp_list: scalar_exp_list . ',' scalar_exp

    ')'  shift, and go to state 77
    ','  shift, and go to state 78


state 73

   15 scalar_exp_list: scalar_exp .
   19 scalar_exp: scalar_exp . '^' scalar_exp
   20           | scalar_exp . '*' scalar_exp
   21           | scalar_exp . '%' scalar_exp
   22           | scalar_exp . '/' scalar_exp
   23           | scalar_exp . '+' scalar_exp
   24           | scalar_exp . '-' scalar_exp
   28           | scalar_exp . CONCAT scalar_exp

    CONCAT  shift, and go to state 38
    '+'     shift, and go to state 42
    '-'     shift, and go to state 43
    '*'     shift, and go to state 44
    '/'     shift, and go to state 45
    '^'     shift, and go to state 46
    '%'     shift, and go to state 47

    $default  reduce using rule 15 (scalar_exp_list)


state 74

   10 predicate: scalar_exp NOT IN '(' . scalar_exp_list ')'

    NUMBER      shift, and go to state 1
    FUNCTION1   shift, and go to state 2
    FUNCTION2   shift, and go to state 3
    FUNCTION3   shift, and go to state 4
    ROWNUM      shift, and go to state 5
    AREA        shift, and go to state 6
    PERIMETER   shift, and go to state 7
    LENGTH      shift, and go to state 8
    X           shift, and go to state 9
    Y           shift, and go to state 10
    ID          shift, and go to state 11
    NULLVALUE   shift, and go to state 12
    STRING      shift, and go to state 13
    COLUMN_REF  shift, and go to state 14
    '+'         shift, and go to state 16
    '-'         shift, and go to state 17
    '('         shift, and go to state 29

    scalar_exp_list  go to state 79
    scalar_exp       go to state 73


state 75

   17 scalar_exp: FUNCTION2 '(' scalar_exp ',' scalar_exp . ')'
   19           | scalar_exp . '^' scalar_exp
   20           | scalar_exp . '*' scalar_exp
   21           | scalar_exp . '%' scalar_exp
   22           | scalar_exp . '/' scalar_exp
   23           | scalar_exp . '+' scalar_exp
   24           | scalar_exp . '-' scalar_exp
   28           | scalar_exp . CONCAT scalar_exp

    CONCAT  shift, and go to state 38
    '+'     shift, and go to state 42
    '-'     shift, and go to state 43
    '*'     shift, and go to state 44
    '/'     shift, and go to state 45
    '^'     shift, and go to state 46
    ')'     shift, and go to state 80
    '%'     shift, and go to state 47


state 76

   18 scalar_exp: FUNCTION3 '(' scalar_exp ',' scalar_exp . ',' scalar_exp ')'
   19           | scalar_exp . '^' scalar_exp
   20           | scalar_exp . '*' scalar_exp
   21           | scalar_exp . '%' scalar_exp
   22           | scalar_exp . '/' scalar_exp
   23           | scalar_exp . '+' scalar_exp
   24           | scalar_exp . '-' scalar_exp
   28           | scalar_exp . CONCAT scalar_exp

    CONCAT  shift, and go to state 38
    '+'     shift, and go to state 42
    '-'     shift, and go to state 43
    '*'     shift, and go to state 44
    '/'     shift, and go to state 45
    '^'     shift, and go to state 46
    ','     shift, and go to state 81
    '%'     shift, and go to state 47


state 77

    9 predicate: scalar_exp IN '(' scalar_exp_list ')' .

    $default  reduce using rule 9 (predicate)


state 78

   14 scalar_exp_list: scalar_exp_list ',' . scalar_exp

    NUMBER      shift, and go to state 1
    FUNCTION1   shift, and go to state 2
    FUNCTION2   shift, and go to state 3
    FUNCTION3   shift, and go to state 4
    ROWNUM      shift, and go to state 5
    AREA        shift, and go to state 6
    PERIMETER   shift, and go to state 7
    LENGTH      shift, and go to state 8
    X           shift, and go to state 9
    Y           shift, and go to state 10
    ID          shift, and go to state 11
    NULLVALUE   shift, and go to state 12
    STRING      shift, and go to state 13
    COLUMN_REF  shift, and go to state 14
    '+'         shift, and go to state 16
    '-'         shift, and go to state 17
    '('         shift, and go to state 29

    scalar_exp  go to state 82


state 79

   10 predicate: scalar_exp NOT IN '(' scalar_exp_list . ')'
   14 scalar_exp_list: scalar_exp_list . ',' scalar_exp

    ')'  shift, and go to state 83
    ','  shift, and go to state 78


state 80

   17 scalar_exp: FUNCTION2 '(' scalar_exp ',' scalar_exp ')' .

    $default  reduce using rule 17 (scalar_exp)


state 81

   18 scalar_exp: FUNCTION3 '(' scalar_exp ',' scalar_exp ',' . scalar_exp ')'

    NUMBER      shift, and go to state 1
    FUNCTION1   shift, and go to state 2
    FUNCTION2   shift, and go to state 3
    FUNCTION3   shift, and go to state 4
    ROWNUM      shift, and go to state 5
    AREA        shift, and go to state 6
    PERIMETER   shift, and go to state 7
    LENGTH      shift, and go to state 8
    X           shift, and go to state 9
    Y           shift, and go to state 10
    ID          shift, and go to state 11
    NULLVALUE   shift, and go to state 12
    STRING      shift, and go to state 13
    COLUMN_REF  shift, and go to state 14
    '+'         shift, and go to state 16
    '-'         shift, and go to state 17
    '('         shift, and go to state 29

    scalar_exp  go to state 84


state 82

   14 scalar_exp_list: scalar_exp_list ',' scalar_exp .
   19 scalar_exp: scalar_exp . '^' scalar_exp
   20           | scalar_exp . '*' scalar_exp
   21           | scalar_exp . '%' scalar_exp
   22           | scalar_exp . '/' scalar_exp
   23           | scalar_exp . '+' scalar_exp
   24           | scalar_exp . '-' scalar_exp
   28           | scalar_exp . CONCAT scalar_exp

    CONCAT  shift, and go to state 38
    '+'     shift, and go to state 42
    '-'     shift, and go to state 43
    '*'     shift, and go to state 44
    '/'     shift, and go to state 45
    '^'     shift, and go to state 46
    '%'     shift, and go to state 47

    $default  reduce using rule 14 (scalar_exp_list)


state 83

   10 predicate: scalar_exp NOT IN '(' scalar_exp_list ')' .

    $default  reduce using rule 10 (predicate)


state 84

   18 scalar_exp: FUNCTION3 '(' scalar_exp ',' scalar_exp ',' scalar_exp . ')'
   19           | scalar_exp . '^' scalar_exp
   20           | scalar_exp . '*' scalar_exp
   21           | scalar_exp . '%' scalar_exp
   22           | scalar_exp . '/' scalar_exp
   23           | scalar_exp . '+' scalar_exp
   24           | scalar_exp . '-' scalar_exp
   28           | scalar_exp . CONCAT scalar_exp

    CONCAT  shift, and go to state 38
    '+'     shift, and go to state 42
    '-'     shift, and go to state 43
    '*'     shift, and go to state 44
    '/'     shift, and go to state 45
    '^'     shift, and go to state 46
    ')'     shift, and go to state 85
    '%'     shift, and go to state 47


state 85

   18 scalar_exp: FUNCTION3 '(' scalar_exp ',' scalar_exp ',' scalar_exp ')' .

    $default  reduce using rule 18 (scalar_exp)
